<?xml version="1.0" encoding="UTF-8"?>
<testng-results ignored="0" total="1" passed="1" failed="0" skipped="0">
  <reporter-output>
  </reporter-output>
  <suite started-at="2023-03-22T14:02:35 IST" name="Default suite" finished-at="2023-03-22T14:02:45 IST" duration-ms="10027">
    <groups>
    </groups>
    <test started-at="2023-03-22T14:02:35 IST" name="Default test" finished-at="2023-03-22T14:02:45 IST" duration-ms="10027">
      <class name="practiceTestNG.Test1">
        <test-method signature="TestFacebook()[pri:0, instance:practiceTestNG.Test1@4f80542f]" started-at="2023-03-22T14:02:35 IST" name="TestFacebook" finished-at="2023-03-22T14:02:45 IST" duration-ms="9969" status="PASS">
          <reporter-output>
          </reporter-output>
        </test-method> <!-- TestFacebook -->
      </class> <!-- practiceTestNG.Test1 -->
    </test> <!-- Default test -->
  </suite> <!-- Default suite -->
</testng-results>
